Using pre-set license
Built from '2021.1/staging' branch; Version is '2021.1.23f1 (b50729e604a9) revision 11863849'; Using compiler version '192528614'; Build Type 'Release'
OS: 'Windows 10 Home Single Language; OS build 22000.675; Version 2009; 64bit' Language: 'ru' Physical Memory: 7103 MB
BatchMode: 1, IsHumanControllingUs: 0, StartBugReporterOnCrash: 0, Is64bit: 1, IsPro: 0

COMMAND LINE ARGUMENTS:
D:\Unity\2021.1.23f1\Editor\Unity.exe
-adb2
-batchMode
-noUpm
-name
AssetImportWorker0
-projectPath
D:/Рабочий стол/Unity Методичка/Tutor3DRunner/3dRunnerTutor
-logFile
Logs/AssetImportWorker0.log
-srvPort
62064
Successfully changed project path to: D:/Рабочий стол/Unity Методичка/Tutor3DRunner/3dRunnerTutor
D:/Рабочий стол/Unity Методичка/Tutor3DRunner/3dRunnerTutor
Using Asset Import Pipeline V2.
Refreshing native plugins compatible for Editor in 136.26 ms, found 3 plugins.
Preloading 0 native plugins for Editor in 0.00 ms.
Initialize engine version: 2021.1.23f1 (b50729e604a9)
[Subsystems] Discovering subsystems at path D:/Unity/2021.1.23f1/Editor/Data/Resources/UnitySubsystems
[Subsystems] Discovering subsystems at path D:/Рабочий стол/Unity Методичка/Tutor3DRunner/3dRunnerTutor/Assets
GfxDevice: creating device client; threaded=0; jobified=0
Direct3D:
    Version:  Direct3D 11.0 [level 11.1]
    Renderer: AMD Radeon(TM) RX Vega 10 Graphics (ID=0x15d8)
    Vendor:   ATI
    VRAM:     3551 MB
    Driver:   26.20.11030.22001
Initialize mono
Mono path[0] = 'D:/Unity/2021.1.23f1/Editor/Data/Managed'
Mono path[1] = 'D:/Unity/2021.1.23f1/Editor/Data/MonoBleedingEdge/lib/mono/unityjit'
Mono config path = 'D:/Unity/2021.1.23f1/Editor/Data/MonoBleedingEdge/etc'
Using monoOptions --debugger-agent=transport=dt_socket,embedding=1,server=y,suspend=n,address=127.0.0.1:56428
Begin MonoManager ReloadAssembly
Registering precompiled unity dll's ...
Register platform support module: D:/Unity/2021.1.23f1/Editor/Data/PlaybackEngines/WindowsStandaloneSupport/UnityEditor.WindowsStandalone.Extensions.dll
Registered in 0.002914 seconds.
Native extension for WindowsStandalone target not found
Refreshing native plugins compatible for Editor in 140.29 ms, found 3 plugins.
Preloading 0 native plugins for Editor in 0.00 ms.
Mono: successfully reloaded assembly
- Completed reload, in  3.084 seconds
Domain Reload Profiling:
	ReloadAssembly (3085ms)
		BeginReloadAssembly (120ms)
			ExecutionOrderSort (0ms)
			DisableScriptedObjects (0ms)
			BackupInstance (0ms)
			ReleaseScriptingObjects (0ms)
			CreateAndSetChildDomain (2ms)
		EndReloadAssembly (938ms)
			LoadAssemblies (117ms)
			RebuildTransferFunctionScriptingTraits (1ms)
			SetupTypeCache (396ms)
			ReleaseScriptCaches (0ms)
			RebuildScriptCaches (56ms)
			SetupLoadedEditorAssemblies (367ms)
				LogAssemblyErrors (0ms)
				InitializePlatformSupportModulesInManaged (11ms)
				SetLoadedEditorAssemblies (0ms)
				RefreshPlugins (140ms)
				BeforeProcessingInitializeOnLoad (3ms)
				ProcessInitializeOnLoadAttributes (166ms)
				ProcessInitializeOnLoadMethodAttributes (45ms)
				AfterProcessingInitializeOnLoad (0ms)
				EditorAssembliesLoaded (0ms)
			ExecutionOrderSort2 (0ms)
			AwakeInstancesAfterBackupRestoration (0ms)
Platform modules already initialized, skipping
Registering precompiled user dll's ...
Registered in 0.014324 seconds.
Begin MonoManager ReloadAssembly
Symbol file LoadedFromMemory doesn't match image D:\Рабочий стол\Unity Методичка\Tutor3DRunner\3dRunnerTutor\Library\PackageCache\com.unity.visualscripting@1.6.1\Editor\VisualScripting.Core\Dependencies\YamlDotNet\Unity.VisualScripting.YamlDotNet.dll
Symbol file LoadedFromMemory doesn't match image D:\Рабочий стол\Unity Методичка\Tutor3DRunner\3dRunnerTutor\Library\PackageCache\com.unity.visualscripting@1.6.1\Editor\VisualScripting.Core\Dependencies\DotNetZip\Unity.VisualScripting.IonicZip.dll
Native extension for WindowsStandalone target not found
Refreshing native plugins compatible for Editor in 0.78 ms, found 3 plugins.
Preloading 0 native plugins for Editor in 0.00 ms.
Mono: successfully reloaded assembly
- Completed reload, in  1.762 seconds
Domain Reload Profiling:
	ReloadAssembly (1763ms)
		BeginReloadAssembly (243ms)
			ExecutionOrderSort (0ms)
			DisableScriptedObjects (7ms)
			BackupInstance (0ms)
			ReleaseScriptingObjects (0ms)
			CreateAndSetChildDomain (40ms)
		EndReloadAssembly (1442ms)
			LoadAssemblies (175ms)
			RebuildTransferFunctionScriptingTraits (0ms)
			SetupTypeCache (544ms)
			ReleaseScriptCaches (1ms)
			RebuildScriptCaches (82ms)
			SetupLoadedEditorAssemblies (490ms)
				LogAssemblyErrors (0ms)
				InitializePlatformSupportModulesInManaged (6ms)
				SetLoadedEditorAssemblies (1ms)
				RefreshPlugins (1ms)
				BeforeProcessingInitializeOnLoad (93ms)
				ProcessInitializeOnLoadAttributes (377ms)
				ProcessInitializeOnLoadMethodAttributes (9ms)
				AfterProcessingInitializeOnLoad (3ms)
				EditorAssembliesLoaded (0ms)
			ExecutionOrderSort2 (0ms)
			AwakeInstancesAfterBackupRestoration (11ms)
Platform modules already initialized, skipping
========================================================================
Worker process is ready to serve import requests
Launched and connected shader compiler UnityShaderCompiler.exe after 0.09 seconds
Refreshing native plugins compatible for Editor in 0.88 ms, found 3 plugins.
Preloading 0 native plugins for Editor in 0.00 ms.
Unloading 3148 Unused Serialized files (Serialized files now loaded: 0)
System memory in use before: 115.6 MB.
System memory in use after: 115.8 MB.

Unloading 21 unused Assets to reduce memory usage. Loaded Objects now: 3594.
Total: 7.046700 ms (FindLiveObjects: 0.428600 ms CreateObjectMapping: 0.247600 ms MarkObjects: 6.268100 ms  DeleteObjects: 0.100300 ms)

AssetImportParameters requested are different than current active one (requested -> active):
  custom:framework-win-MediaFoundation: 216162199b28c13a410421893ffa2e32 -> 
  custom:video-decoder-ogg-theora: a1e56fd34408186e4bbccfd4996cb3dc -> 
  custom:container-muxer-webm: aa71ff27fc2769a1b78a27578f13a17b -> 
  custom:container-demuxer-webm: 4f35f7cbe854078d1ac9338744f61a02 -> 
  custom:container-demuxer-ogg: 62fdf1f143b41e24485cea50d1cbac27 -> 
  custom:video-encoder-webm-vp8: eb34c28f22e8b96e1ab97ce403110664 -> 
  custom:video-codec-MediaFoundation-h265: 746d11721c4dcdbdad8f713fa42b33f4 -> 
  custom:video-decoder-webm-vp8: 9c59270c3fd7afecdb556c50c9e8de78 -> 
  custom:audio-decoder-ogg-vorbis: bf7c407c2cedff20999df2af8eb42d56 -> 
  custom:audio-encoder-webm-vorbis: bf7c407c2cedff20999df2af8eb42d56 -> 
========================================================================
Received Import Request.
  path: Assets/Prefabs/RodePrefab.prefab
  artifactKey: Guid(ba0a6c7550bbf634ebc07bdcb374ad10) Importer(815301076,1909f56bfc062723c751e8b465ee728b)
Start importing Assets/Prefabs/RodePrefab.prefab using Guid(ba0a6c7550bbf634ebc07bdcb374ad10) Importer(815301076,1909f56bfc062723c751e8b465ee728b)  -> (artifact id: '34306695931a930cdfeb60c8318b6ee5') in 0.203176 seconds 
========================================================================
Received Import Request.
  Time since last request: 0.000403 seconds.
  path: Assets/Prefabs/RightTurnPrefab.prefab
  artifactKey: Guid(6e9d3e5d41d21bc4789ff032c764842e) Importer(815301076,1909f56bfc062723c751e8b465ee728b)
Start importing Assets/Prefabs/RightTurnPrefab.prefab using Guid(6e9d3e5d41d21bc4789ff032c764842e) Importer(815301076,1909f56bfc062723c751e8b465ee728b)  -> (artifact id: '8972db6a0e25951ffd3d953034b9f306') in 0.024345 seconds 
========================================================================
Received Import Request.
  Time since last request: 0.000295 seconds.
  path: Assets/Prefabs/LeftTurnPrefab.prefab
  artifactKey: Guid(9ae865dc8e47ff742ac156d7d5a87fbf) Importer(815301076,1909f56bfc062723c751e8b465ee728b)
Start importing Assets/Prefabs/LeftTurnPrefab.prefab using Guid(9ae865dc8e47ff742ac156d7d5a87fbf) Importer(815301076,1909f56bfc062723c751e8b465ee728b)  -> (artifact id: '3e096e288dce4f1f2e7b660f00ac11e7') in 0.023129 seconds 
========================================================================
Received Import Request.
  Time since last request: 13.523390 seconds.
  path: Assets/Prefabs/RodePrefabs
  artifactKey: Guid(68c896abddea09d41aad93f4911df98a) Importer(815301076,1909f56bfc062723c751e8b465ee728b)
Start importing Assets/Prefabs/RodePrefabs using Guid(68c896abddea09d41aad93f4911df98a) Importer(815301076,1909f56bfc062723c751e8b465ee728b)  -> (artifact id: '386c04227fc5307ba6d5551c233f51f4') in 0.010957 seconds 
========================================================================
Received Import Request.
  Time since last request: 207.497625 seconds.
  path: Assets/Scenes/NullScene.unity
  artifactKey: Guid(c8f6492433bc3e74a9977009528c73bd) Importer(815301076,1909f56bfc062723c751e8b465ee728b)
Start importing Assets/Scenes/NullScene.unity using Guid(c8f6492433bc3e74a9977009528c73bd) Importer(815301076,1909f56bfc062723c751e8b465ee728b)  -> (artifact id: '17cda1b4b372c57a7ed0090d56a2470a') in 0.011960 seconds 
========================================================================
Received Import Request.
  Time since last request: 110.116851 seconds.
  path: Assets/Prefabs/Barier1Pref.prefab
  artifactKey: Guid(e1a4e15343bfd494b815d4d94c1297b5) Importer(815301076,1909f56bfc062723c751e8b465ee728b)
Start importing Assets/Prefabs/Barier1Pref.prefab using Guid(e1a4e15343bfd494b815d4d94c1297b5) Importer(815301076,1909f56bfc062723c751e8b465ee728b)  -> (artifact id: '3f92c10c2c884b313a10d1be3cc320cc') in 0.033588 seconds 
========================================================================
Received Import Request.
  Time since last request: 65.775109 seconds.
  path: Assets/Prefabs/Barier2Pref.prefab
  artifactKey: Guid(2669cbd04279c0f4d8e3906ff3755ec8) Importer(815301076,1909f56bfc062723c751e8b465ee728b)
Start importing Assets/Prefabs/Barier2Pref.prefab using Guid(2669cbd04279c0f4d8e3906ff3755ec8) Importer(815301076,1909f56bfc062723c751e8b465ee728b)  -> (artifact id: '8d13872140ea62c49e007e58e6358fd9') in 0.029857 seconds 
========================================================================
Received Import Request.
  Time since last request: 110.963618 seconds.
  path: Assets/Prefabs/ConePref.prefab
  artifactKey: Guid(c99831b1b820b514b9f72911336b80ba) Importer(815301076,1909f56bfc062723c751e8b465ee728b)
Start importing Assets/Prefabs/ConePref.prefab using Guid(c99831b1b820b514b9f72911336b80ba) Importer(815301076,1909f56bfc062723c751e8b465ee728b)  -> (artifact id: '4b257029c0c1dc2ad14d6391f7db4f02') in 0.022118 seconds 
========================================================================
Received Prepare
Registering precompiled user dll's ...
Registered in 0.018477 seconds.
Begin MonoManager ReloadAssembly
Symbol file LoadedFromMemory doesn't match image D:\Рабочий стол\Unity Методичка\Tutor3DRunner\3dRunnerTutor\Library\PackageCache\com.unity.visualscripting@1.6.1\Editor\VisualScripting.Core\Dependencies\YamlDotNet\Unity.VisualScripting.YamlDotNet.dll
Symbol file LoadedFromMemory doesn't match image D:\Рабочий стол\Unity Методичка\Tutor3DRunner\3dRunnerTutor\Library\PackageCache\com.unity.visualscripting@1.6.1\Editor\VisualScripting.Core\Dependencies\DotNetZip\Unity.VisualScripting.IonicZip.dll
Native extension for WindowsStandalone target not found
Refreshing native plugins compatible for Editor in 13.02 ms, found 3 plugins.
Preloading 0 native plugins for Editor in 0.00 ms.
Mono: successfully reloaded assembly
- Completed reload, in 12.789 seconds
Domain Reload Profiling:
	ReloadAssembly (12794ms)
		BeginReloadAssembly (2350ms)
			ExecutionOrderSort (0ms)
			DisableScriptedObjects (123ms)
			BackupInstance (0ms)
			ReleaseScriptingObjects (6ms)
			CreateAndSetChildDomain (1011ms)
		EndReloadAssembly (9751ms)
			LoadAssemblies (1163ms)
			RebuildTransferFunctionScriptingTraits (0ms)
			SetupTypeCache (5582ms)
			ReleaseScriptCaches (13ms)
			RebuildScriptCaches (476ms)
			SetupLoadedEditorAssemblies (2465ms)
				LogAssemblyErrors (0ms)
				InitializePlatformSupportModulesInManaged (17ms)
				SetLoadedEditorAssemblies (2ms)
				RefreshPlugins (13ms)
				BeforeProcessingInitializeOnLoad (517ms)
				ProcessInitializeOnLoadAttributes (1893ms)
				ProcessInitializeOnLoadMethodAttributes (15ms)
				AfterProcessingInitializeOnLoad (5ms)
				EditorAssembliesLoaded (2ms)
			ExecutionOrderSort2 (0ms)
			AwakeInstancesAfterBackupRestoration (24ms)
Platform modules already initialized, skipping
Refreshing native plugins compatible for Editor in 2.63 ms, found 3 plugins.
Preloading 0 native plugins for Editor in 0.00 ms.
Unloading 3141 Unused Serialized files (Serialized files now loaded: 0)
System memory in use before: 119.1 MB.
System memory in use after: 119.3 MB.

Unloading 16 unused Assets to reduce memory usage. Loaded Objects now: 3604.
Total: 97.335100 ms (FindLiveObjects: 31.224500 ms CreateObjectMapping: 1.338000 ms MarkObjects: 57.574200 ms  DeleteObjects: 7.193400 ms)

AssetImportParameters requested are different than current active one (requested -> active):
  custom:framework-win-MediaFoundation: 216162199b28c13a410421893ffa2e32 -> 
  custom:video-decoder-ogg-theora: a1e56fd34408186e4bbccfd4996cb3dc -> 
  custom:container-muxer-webm: aa71ff27fc2769a1b78a27578f13a17b -> 
  custom:container-demuxer-webm: 4f35f7cbe854078d1ac9338744f61a02 -> 
  custom:container-demuxer-ogg: 62fdf1f143b41e24485cea50d1cbac27 -> 
  custom:video-encoder-webm-vp8: eb34c28f22e8b96e1ab97ce403110664 -> 
  custom:video-codec-MediaFoundation-h265: 746d11721c4dcdbdad8f713fa42b33f4 -> 
  custom:video-decoder-webm-vp8: 9c59270c3fd7afecdb556c50c9e8de78 -> 
  custom:audio-decoder-ogg-vorbis: bf7c407c2cedff20999df2af8eb42d56 -> 
  custom:audio-encoder-webm-vorbis: bf7c407c2cedff20999df2af8eb42d56 -> 
========================================================================
Received Import Request.
  Time since last request: 196.653104 seconds.
  path: Assets/Prefabs/CoinPref.prefab
  artifactKey: Guid(dfe3f1b75a449d74da11501aeb966921) Importer(815301076,1909f56bfc062723c751e8b465ee728b)
Start importing Assets/Prefabs/CoinPref.prefab using Guid(dfe3f1b75a449d74da11501aeb966921) Importer(815301076,1909f56bfc062723c751e8b465ee728b)  -> (artifact id: '57477a20ea225b9ef847a8751da2eb7e') in 0.164932 seconds 
========================================================================
Received Import Request.
  Time since last request: 48.059706 seconds.
  path: Assets/Prefabs/RodePrefab.prefab
  artifactKey: Guid(ba0a6c7550bbf634ebc07bdcb374ad10) Importer(815301076,1909f56bfc062723c751e8b465ee728b)
Start importing Assets/Prefabs/RodePrefab.prefab using Guid(ba0a6c7550bbf634ebc07bdcb374ad10) Importer(815301076,1909f56bfc062723c751e8b465ee728b)  -> (artifact id: '43156de23c505b13e41ff4d35b3c4975') in 0.037899 seconds 
========================================================================
Received Import Request.
  Time since last request: 4.891377 seconds.
  path: Assets/Prefabs/RodePrefab.prefab
  artifactKey: Guid(ba0a6c7550bbf634ebc07bdcb374ad10) Importer(815301076,1909f56bfc062723c751e8b465ee728b)
Start importing Assets/Prefabs/RodePrefab.prefab using Guid(ba0a6c7550bbf634ebc07bdcb374ad10) Importer(815301076,1909f56bfc062723c751e8b465ee728b)  -> (artifact id: 'a0df7c1fa431adc73b4647d549fe65a5') in 0.030000 seconds 
========================================================================
Received Import Request.
  Time since last request: 7.222197 seconds.
  path: Assets/Prefabs/RodePrefab.prefab
  artifactKey: Guid(ba0a6c7550bbf634ebc07bdcb374ad10) Importer(815301076,1909f56bfc062723c751e8b465ee728b)
Start importing Assets/Prefabs/RodePrefab.prefab using Guid(ba0a6c7550bbf634ebc07bdcb374ad10) Importer(815301076,1909f56bfc062723c751e8b465ee728b)  -> (artifact id: 'f4cac188672539f495ac033d6b7cca92') in 0.029469 seconds 
========================================================================
Received Import Request.
  Time since last request: 4.173363 seconds.
  path: Assets/Prefabs/RodePrefab.prefab
  artifactKey: Guid(ba0a6c7550bbf634ebc07bdcb374ad10) Importer(815301076,1909f56bfc062723c751e8b465ee728b)
Start importing Assets/Prefabs/RodePrefab.prefab using Guid(ba0a6c7550bbf634ebc07bdcb374ad10) Importer(815301076,1909f56bfc062723c751e8b465ee728b)  -> (artifact id: '7a6f13de570722ffa2ce7e14ef9f90b4') in 0.025451 seconds 
========================================================================
Received Import Request.
  Time since last request: 11.526504 seconds.
  path: Assets/Prefabs/RodePrefab.prefab
  artifactKey: Guid(ba0a6c7550bbf634ebc07bdcb374ad10) Importer(815301076,1909f56bfc062723c751e8b465ee728b)
Start importing Assets/Prefabs/RodePrefab.prefab using Guid(ba0a6c7550bbf634ebc07bdcb374ad10) Importer(815301076,1909f56bfc062723c751e8b465ee728b)  -> (artifact id: '48658993554a859fc0df53daf7f82309') in 0.029516 seconds 
========================================================================
Received Import Request.
  Time since last request: 4.712804 seconds.
  path: Assets/Prefabs/RodePrefab.prefab
  artifactKey: Guid(ba0a6c7550bbf634ebc07bdcb374ad10) Importer(815301076,1909f56bfc062723c751e8b465ee728b)
Start importing Assets/Prefabs/RodePrefab.prefab using Guid(ba0a6c7550bbf634ebc07bdcb374ad10) Importer(815301076,1909f56bfc062723c751e8b465ee728b)  -> (artifact id: 'c1cef4a68c0cbeab39e1423dbbf8f195') in 0.029754 seconds 
========================================================================
Received Import Request.
  Time since last request: 8.481161 seconds.
  path: Assets/Prefabs/RodePrefab.prefab
  artifactKey: Guid(ba0a6c7550bbf634ebc07bdcb374ad10) Importer(815301076,1909f56bfc062723c751e8b465ee728b)
Start importing Assets/Prefabs/RodePrefab.prefab using Guid(ba0a6c7550bbf634ebc07bdcb374ad10) Importer(815301076,1909f56bfc062723c751e8b465ee728b)  -> (artifact id: '514744de495cee811d3a48b156913a6b') in 0.030284 seconds 
========================================================================
Received Import Request.
  Time since last request: 5.796112 seconds.
  path: Assets/Prefabs/RodePrefab.prefab
  artifactKey: Guid(ba0a6c7550bbf634ebc07bdcb374ad10) Importer(815301076,1909f56bfc062723c751e8b465ee728b)
Start importing Assets/Prefabs/RodePrefab.prefab using Guid(ba0a6c7550bbf634ebc07bdcb374ad10) Importer(815301076,1909f56bfc062723c751e8b465ee728b)  -> (artifact id: '279ac319cca9737f29cb6636d1b5c4c8') in 0.031651 seconds 
========================================================================
Received Import Request.
  Time since last request: 6.854724 seconds.
  path: Assets/Prefabs/RodePrefab.prefab
  artifactKey: Guid(ba0a6c7550bbf634ebc07bdcb374ad10) Importer(815301076,1909f56bfc062723c751e8b465ee728b)
Start importing Assets/Prefabs/RodePrefab.prefab using Guid(ba0a6c7550bbf634ebc07bdcb374ad10) Importer(815301076,1909f56bfc062723c751e8b465ee728b)  -> (artifact id: '9196d5055a7cc0f5e3e9b8bcbbe34eac') in 0.029512 seconds 
========================================================================
Received Import Request.
  Time since last request: 2.592042 seconds.
  path: Assets/Prefabs/RodePrefab.prefab
  artifactKey: Guid(ba0a6c7550bbf634ebc07bdcb374ad10) Importer(815301076,1909f56bfc062723c751e8b465ee728b)
Start importing Assets/Prefabs/RodePrefab.prefab using Guid(ba0a6c7550bbf634ebc07bdcb374ad10) Importer(815301076,1909f56bfc062723c751e8b465ee728b)  -> (artifact id: '429403606b6cf4ede2f9ed7844873dc8') in 0.033435 seconds 
========================================================================
Received Import Request.
  Time since last request: 5.806153 seconds.
  path: Assets/Prefabs/RodePrefab.prefab
  artifactKey: Guid(ba0a6c7550bbf634ebc07bdcb374ad10) Importer(815301076,1909f56bfc062723c751e8b465ee728b)
Start importing Assets/Prefabs/RodePrefab.prefab using Guid(ba0a6c7550bbf634ebc07bdcb374ad10) Importer(815301076,1909f56bfc062723c751e8b465ee728b)  -> (artifact id: '6343182374aff11f45c168b122cb8249') in 0.032575 seconds 
========================================================================
Received Import Request.
  Time since last request: 5.170608 seconds.
  path: Assets/Prefabs/RodePrefab.prefab
  artifactKey: Guid(ba0a6c7550bbf634ebc07bdcb374ad10) Importer(815301076,1909f56bfc062723c751e8b465ee728b)
Start importing Assets/Prefabs/RodePrefab.prefab using Guid(ba0a6c7550bbf634ebc07bdcb374ad10) Importer(815301076,1909f56bfc062723c751e8b465ee728b)  -> (artifact id: 'cfac9283cde10023b9f5e52e7554e6e8') in 0.029704 seconds 
========================================================================
Received Import Request.
  Time since last request: 9.029641 seconds.
  path: Assets/Prefabs/RodePrefab.prefab
  artifactKey: Guid(ba0a6c7550bbf634ebc07bdcb374ad10) Importer(815301076,1909f56bfc062723c751e8b465ee728b)
Start importing Assets/Prefabs/RodePrefab.prefab using Guid(ba0a6c7550bbf634ebc07bdcb374ad10) Importer(815301076,1909f56bfc062723c751e8b465ee728b)  -> (artifact id: 'd450c101cdbd8e43351baabde406880e') in 0.031699 seconds 
========================================================================
Received Import Request.
  Time since last request: 9.924626 seconds.
  path: Assets/Prefabs/RodePrefab.prefab
  artifactKey: Guid(ba0a6c7550bbf634ebc07bdcb374ad10) Importer(815301076,1909f56bfc062723c751e8b465ee728b)
Start importing Assets/Prefabs/RodePrefab.prefab using Guid(ba0a6c7550bbf634ebc07bdcb374ad10) Importer(815301076,1909f56bfc062723c751e8b465ee728b)  -> (artifact id: '276675ee5cd09747edae44f2c589fcb6') in 0.031624 seconds 
========================================================================
Received Import Request.
  Time since last request: 0.779642 seconds.
  path: Assets/Prefabs/RodePrefab.prefab
  artifactKey: Guid(ba0a6c7550bbf634ebc07bdcb374ad10) Importer(815301076,1909f56bfc062723c751e8b465ee728b)
Start importing Assets/Prefabs/RodePrefab.prefab using Guid(ba0a6c7550bbf634ebc07bdcb374ad10) Importer(815301076,1909f56bfc062723c751e8b465ee728b)  -> (artifact id: '275d7ffd663e04c6e8d35d63b8334326') in 0.028258 seconds 
========================================================================
Received Import Request.
  Time since last request: 95.916982 seconds.
  path: Assets/Prefabs/RodePrefabs/RodePrefab.prefab
  artifactKey: Guid(73b96fe7c4bad4749b8ad26f9e18f8bb) Importer(815301076,1909f56bfc062723c751e8b465ee728b)
Start importing Assets/Prefabs/RodePrefabs/RodePrefab.prefab using Guid(73b96fe7c4bad4749b8ad26f9e18f8bb) Importer(815301076,1909f56bfc062723c751e8b465ee728b)  -> (artifact id: '193cfbe345dc744fc153df6d65a5d919') in 0.038781 seconds 
========================================================================
Received Import Request.
  Time since last request: 57.743768 seconds.
  path: Assets/Prefabs/RodePrefabs/RodePrefab 1.prefab
  artifactKey: Guid(e9248fb01a197cc4599b944111d71ffa) Importer(815301076,1909f56bfc062723c751e8b465ee728b)
Start importing Assets/Prefabs/RodePrefabs/RodePrefab 1.prefab using Guid(e9248fb01a197cc4599b944111d71ffa) Importer(815301076,1909f56bfc062723c751e8b465ee728b)  -> (artifact id: '83aff962d18e5f085f31b0a1eaafee20') in 0.045028 seconds 
========================================================================
Received Import Request.
  Time since last request: 30.391966 seconds.
  path: Assets/Prefabs/RodePrefabs/RodePrefab 2.prefab
  artifactKey: Guid(4df2280c0c2b3b048a055dabd78e6638) Importer(815301076,1909f56bfc062723c751e8b465ee728b)
Start importing Assets/Prefabs/RodePrefabs/RodePrefab 2.prefab using Guid(4df2280c0c2b3b048a055dabd78e6638) Importer(815301076,1909f56bfc062723c751e8b465ee728b)  -> (artifact id: 'dbed8662a52e6062c114481cc69c065b') in 0.035551 seconds 
========================================================================
Received Import Request.
  Time since last request: 57.328557 seconds.
  path: Assets/Prefabs/RodePrefabs/RodePrefab 3.prefab
  artifactKey: Guid(77ee0936827fd6249b67b50703e6d292) Importer(815301076,1909f56bfc062723c751e8b465ee728b)
Start importing Assets/Prefabs/RodePrefabs/RodePrefab 3.prefab using Guid(77ee0936827fd6249b67b50703e6d292) Importer(815301076,1909f56bfc062723c751e8b465ee728b)  -> (artifact id: '32bf9c2d7cc15bf6a9118e4caadc5d63') in 0.032145 seconds 
========================================================================
Received Import Request.
  Time since last request: 65.118201 seconds.
  path: Assets/Prefabs/RodePrefab 1.prefab
  artifactKey: Guid(a9fea689887e5de4da4dcb96a30a5ad7) Importer(815301076,1909f56bfc062723c751e8b465ee728b)
Start importing Assets/Prefabs/RodePrefab 1.prefab using Guid(a9fea689887e5de4da4dcb96a30a5ad7) Importer(815301076,1909f56bfc062723c751e8b465ee728b)  -> (artifact id: '04d1a004a51d057e6c5ba9e05b07b7a9') in 0.026249 seconds 
========================================================================
Received Import Request.
  Time since last request: 37.093010 seconds.
  path: Assets/Prefabs/RodePrefabs/RodePrefab 4.prefab
  artifactKey: Guid(3321c42525684e147a7516d0a3bd3e52) Importer(815301076,1909f56bfc062723c751e8b465ee728b)
Start importing Assets/Prefabs/RodePrefabs/RodePrefab 4.prefab using Guid(3321c42525684e147a7516d0a3bd3e52) Importer(815301076,1909f56bfc062723c751e8b465ee728b)  -> (artifact id: 'b9e0f3b455b65cacf4caf72dcb63d80e') in 0.029465 seconds 
========================================================================
Received Import Request.
  Time since last request: 6.444492 seconds.
  path: Assets/Scenes/SampleScene.unity
  artifactKey: Guid(9fc0d4010bbf28b4594072e72b8655ab) Importer(815301076,1909f56bfc062723c751e8b465ee728b)
Start importing Assets/Scenes/SampleScene.unity using Guid(9fc0d4010bbf28b4594072e72b8655ab) Importer(815301076,1909f56bfc062723c751e8b465ee728b)  -> (artifact id: '891d7d8a78311292fb8c1e154b86391f') in 0.015121 seconds 
========================================================================
Received Prepare
Registering precompiled user dll's ...
Registered in 0.007897 seconds.
Begin MonoManager ReloadAssembly
Symbol file LoadedFromMemory doesn't match image D:\Рабочий стол\Unity Методичка\Tutor3DRunner\3dRunnerTutor\Library\PackageCache\com.unity.visualscripting@1.6.1\Editor\VisualScripting.Core\Dependencies\YamlDotNet\Unity.VisualScripting.YamlDotNet.dll
Symbol file LoadedFromMemory doesn't match image D:\Рабочий стол\Unity Методичка\Tutor3DRunner\3dRunnerTutor\Library\PackageCache\com.unity.visualscripting@1.6.1\Editor\VisualScripting.Core\Dependencies\DotNetZip\Unity.VisualScripting.IonicZip.dll
Native extension for WindowsStandalone target not found
Refreshing native plugins compatible for Editor in 0.88 ms, found 3 plugins.
Preloading 0 native plugins for Editor in 0.00 ms.
Mono: successfully reloaded assembly
- Completed reload, in  2.323 seconds
Domain Reload Profiling:
	ReloadAssembly (2324ms)
		BeginReloadAssembly (549ms)
			ExecutionOrderSort (0ms)
			DisableScriptedObjects (13ms)
			BackupInstance (0ms)
			ReleaseScriptingObjects (0ms)
			CreateAndSetChildDomain (357ms)
		EndReloadAssembly (1679ms)
			LoadAssemblies (209ms)
			RebuildTransferFunctionScriptingTraits (0ms)
			SetupTypeCache (627ms)
			ReleaseScriptCaches (2ms)
			RebuildScriptCaches (71ms)
			SetupLoadedEditorAssemblies (655ms)
				LogAssemblyErrors (0ms)
				InitializePlatformSupportModulesInManaged (7ms)
				SetLoadedEditorAssemblies (1ms)
				RefreshPlugins (1ms)
				BeforeProcessingInitializeOnLoad (73ms)
				ProcessInitializeOnLoadAttributes (559ms)
				ProcessInitializeOnLoadMethodAttributes (10ms)
				AfterProcessingInitializeOnLoad (3ms)
				EditorAssembliesLoaded (1ms)
			ExecutionOrderSort2 (0ms)
			AwakeInstancesAfterBackupRestoration (13ms)
Platform modules already initialized, skipping
Refreshing native plugins compatible for Editor in 0.89 ms, found 3 plugins.
Preloading 0 native plugins for Editor in 0.00 ms.
Unloading 3141 Unused Serialized files (Serialized files now loaded: 0)
System memory in use before: 119.8 MB.
System memory in use after: 120.0 MB.

Unloading 16 unused Assets to reduce memory usage. Loaded Objects now: 3607.
Total: 5.147400 ms (FindLiveObjects: 0.339200 ms CreateObjectMapping: 0.094600 ms MarkObjects: 4.649700 ms  DeleteObjects: 0.062000 ms)

AssetImportParameters requested are different than current active one (requested -> active):
  custom:framework-win-MediaFoundation: 216162199b28c13a410421893ffa2e32 -> 
  custom:video-decoder-ogg-theora: a1e56fd34408186e4bbccfd4996cb3dc -> 
  custom:container-muxer-webm: aa71ff27fc2769a1b78a27578f13a17b -> 
  custom:container-demuxer-webm: 4f35f7cbe854078d1ac9338744f61a02 -> 
  custom:container-demuxer-ogg: 62fdf1f143b41e24485cea50d1cbac27 -> 
  custom:video-encoder-webm-vp8: eb34c28f22e8b96e1ab97ce403110664 -> 
  custom:video-codec-MediaFoundation-h265: 746d11721c4dcdbdad8f713fa42b33f4 -> 
  custom:video-decoder-webm-vp8: 9c59270c3fd7afecdb556c50c9e8de78 -> 
  custom:audio-decoder-ogg-vorbis: bf7c407c2cedff20999df2af8eb42d56 -> 
  custom:audio-encoder-webm-vorbis: bf7c407c2cedff20999df2af8eb42d56 -> 
========================================================================
Received Import Request.
  Time since last request: 96.522785 seconds.
  path: Assets/Prefabs/CoinPref.prefab
  artifactKey: Guid(dfe3f1b75a449d74da11501aeb966921) Importer(815301076,1909f56bfc062723c751e8b465ee728b)
Start importing Assets/Prefabs/CoinPref.prefab using Guid(dfe3f1b75a449d74da11501aeb966921) Importer(815301076,1909f56bfc062723c751e8b465ee728b)  -> (artifact id: 'ea9fb702301fadda1fe38f5aa1ed9ac2') in 0.091180 seconds 
========================================================================
Received Prepare
Registering precompiled user dll's ...
Registered in 0.005165 seconds.
Begin MonoManager ReloadAssembly
Symbol file LoadedFromMemory doesn't match image D:\Рабочий стол\Unity Методичка\Tutor3DRunner\3dRunnerTutor\Library\PackageCache\com.unity.visualscripting@1.6.1\Editor\VisualScripting.Core\Dependencies\YamlDotNet\Unity.VisualScripting.YamlDotNet.dll
Symbol file LoadedFromMemory doesn't match image D:\Рабочий стол\Unity Методичка\Tutor3DRunner\3dRunnerTutor\Library\PackageCache\com.unity.visualscripting@1.6.1\Editor\VisualScripting.Core\Dependencies\DotNetZip\Unity.VisualScripting.IonicZip.dll
Native extension for WindowsStandalone target not found
Refreshing native plugins compatible for Editor in 0.84 ms, found 3 plugins.
Preloading 0 native plugins for Editor in 0.00 ms.
Mono: successfully reloaded assembly
- Completed reload, in  1.757 seconds
Domain Reload Profiling:
	ReloadAssembly (1757ms)
		BeginReloadAssembly (213ms)
			ExecutionOrderSort (0ms)
			DisableScriptedObjects (7ms)
			BackupInstance (0ms)
			ReleaseScriptingObjects (0ms)
			CreateAndSetChildDomain (61ms)
		EndReloadAssembly (1394ms)
			LoadAssemblies (184ms)
			RebuildTransferFunctionScriptingTraits (0ms)
			SetupTypeCache (526ms)
			ReleaseScriptCaches (2ms)
			RebuildScriptCaches (71ms)
			SetupLoadedEditorAssemblies (484ms)
				LogAssemblyErrors (0ms)
				InitializePlatformSupportModulesInManaged (6ms)
				SetLoadedEditorAssemblies (1ms)
				RefreshPlugins (1ms)
				BeforeProcessingInitializeOnLoad (66ms)
				ProcessInitializeOnLoadAttributes (394ms)
				ProcessInitializeOnLoadMethodAttributes (12ms)
				AfterProcessingInitializeOnLoad (3ms)
				EditorAssembliesLoaded (0ms)
			ExecutionOrderSort2 (0ms)
			AwakeInstancesAfterBackupRestoration (17ms)
Platform modules already initialized, skipping
Refreshing native plugins compatible for Editor in 0.95 ms, found 3 plugins.
Preloading 0 native plugins for Editor in 0.00 ms.
Unloading 3141 Unused Serialized files (Serialized files now loaded: 0)
System memory in use before: 119.8 MB.
System memory in use after: 120.0 MB.

Unloading 16 unused Assets to reduce memory usage. Loaded Objects now: 3610.
Total: 7.760700 ms (FindLiveObjects: 0.651000 ms CreateObjectMapping: 0.426600 ms MarkObjects: 6.654500 ms  DeleteObjects: 0.026600 ms)

AssetImportParameters requested are different than current active one (requested -> active):
  custom:framework-win-MediaFoundation: 216162199b28c13a410421893ffa2e32 -> 
  custom:video-decoder-ogg-theora: a1e56fd34408186e4bbccfd4996cb3dc -> 
  custom:container-muxer-webm: aa71ff27fc2769a1b78a27578f13a17b -> 
  custom:container-demuxer-webm: 4f35f7cbe854078d1ac9338744f61a02 -> 
  custom:container-demuxer-ogg: 62fdf1f143b41e24485cea50d1cbac27 -> 
  custom:video-encoder-webm-vp8: eb34c28f22e8b96e1ab97ce403110664 -> 
  custom:video-codec-MediaFoundation-h265: 746d11721c4dcdbdad8f713fa42b33f4 -> 
  custom:video-decoder-webm-vp8: 9c59270c3fd7afecdb556c50c9e8de78 -> 
  custom:audio-decoder-ogg-vorbis: bf7c407c2cedff20999df2af8eb42d56 -> 
  custom:audio-encoder-webm-vorbis: bf7c407c2cedff20999df2af8eb42d56 -> 
========================================================================
Received Import Request.
  Time since last request: 72.580551 seconds.
  path: Assets/Scripts/CarController.cs
  artifactKey: Guid(849b7dc48333c4943b769f66606ac76c) Importer(815301076,1909f56bfc062723c751e8b465ee728b)
Start importing Assets/Scripts/CarController.cs using Guid(849b7dc48333c4943b769f66606ac76c) Importer(815301076,1909f56bfc062723c751e8b465ee728b)  -> (artifact id: 'c323df53e786cc66802ca04bcbd9f398') in 0.057815 seconds 
========================================================================
Received Prepare
Registering precompiled user dll's ...
Registered in 0.009573 seconds.
Begin MonoManager ReloadAssembly
Symbol file LoadedFromMemory doesn't match image D:\Рабочий стол\Unity Методичка\Tutor3DRunner\3dRunnerTutor\Library\PackageCache\com.unity.visualscripting@1.6.1\Editor\VisualScripting.Core\Dependencies\YamlDotNet\Unity.VisualScripting.YamlDotNet.dll
Symbol file LoadedFromMemory doesn't match image D:\Рабочий стол\Unity Методичка\Tutor3DRunner\3dRunnerTutor\Library\PackageCache\com.unity.visualscripting@1.6.1\Editor\VisualScripting.Core\Dependencies\DotNetZip\Unity.VisualScripting.IonicZip.dll
Native extension for WindowsStandalone target not found
Refreshing native plugins compatible for Editor in 1.23 ms, found 3 plugins.
Preloading 0 native plugins for Editor in 0.00 ms.
Mono: successfully reloaded assembly
- Completed reload, in  2.476 seconds
Domain Reload Profiling:
	ReloadAssembly (2481ms)
		BeginReloadAssembly (644ms)
			ExecutionOrderSort (0ms)
			DisableScriptedObjects (91ms)
			BackupInstance (0ms)
			ReleaseScriptingObjects (0ms)
			CreateAndSetChildDomain (308ms)
		EndReloadAssembly (1730ms)
			LoadAssemblies (199ms)
			RebuildTransferFunctionScriptingTraits (0ms)
			SetupTypeCache (749ms)
			ReleaseScriptCaches (2ms)
			RebuildScriptCaches (67ms)
			SetupLoadedEditorAssemblies (571ms)
				LogAssemblyErrors (0ms)
				InitializePlatformSupportModulesInManaged (10ms)
				SetLoadedEditorAssemblies (1ms)
				RefreshPlugins (1ms)
				BeforeProcessingInitializeOnLoad (77ms)
				ProcessInitializeOnLoadAttributes (464ms)
				ProcessInitializeOnLoadMethodAttributes (11ms)
				AfterProcessingInitializeOnLoad (5ms)
				EditorAssembliesLoaded (1ms)
			ExecutionOrderSort2 (0ms)
			AwakeInstancesAfterBackupRestoration (18ms)
Platform modules already initialized, skipping
Refreshing native plugins compatible for Editor in 2.06 ms, found 3 plugins.
Preloading 0 native plugins for Editor in 0.00 ms.
Unloading 3141 Unused Serialized files (Serialized files now loaded: 0)
System memory in use before: 119.8 MB.
System memory in use after: 120.0 MB.

Unloading 16 unused Assets to reduce memory usage. Loaded Objects now: 3612.
Total: 17.890100 ms (FindLiveObjects: 2.433700 ms CreateObjectMapping: 0.595100 ms MarkObjects: 14.270000 ms  DeleteObjects: 0.584800 ms)

AssetImportParameters requested are different than current active one (requested -> active):
  custom:framework-win-MediaFoundation: 216162199b28c13a410421893ffa2e32 -> 
  custom:video-decoder-ogg-theora: a1e56fd34408186e4bbccfd4996cb3dc -> 
  custom:container-muxer-webm: aa71ff27fc2769a1b78a27578f13a17b -> 
  custom:container-demuxer-webm: 4f35f7cbe854078d1ac9338744f61a02 -> 
  custom:container-demuxer-ogg: 62fdf1f143b41e24485cea50d1cbac27 -> 
  custom:video-encoder-webm-vp8: eb34c28f22e8b96e1ab97ce403110664 -> 
  custom:video-codec-MediaFoundation-h265: 746d11721c4dcdbdad8f713fa42b33f4 -> 
  custom:video-decoder-webm-vp8: 9c59270c3fd7afecdb556c50c9e8de78 -> 
  custom:audio-decoder-ogg-vorbis: bf7c407c2cedff20999df2af8eb42d56 -> 
  custom:audio-encoder-webm-vorbis: bf7c407c2cedff20999df2af8eb42d56 -> 
========================================================================
Received Prepare
Registering precompiled user dll's ...
Registered in 0.005028 seconds.
Begin MonoManager ReloadAssembly
Symbol file LoadedFromMemory doesn't match image D:\Рабочий стол\Unity Методичка\Tutor3DRunner\3dRunnerTutor\Library\PackageCache\com.unity.visualscripting@1.6.1\Editor\VisualScripting.Core\Dependencies\YamlDotNet\Unity.VisualScripting.YamlDotNet.dll
Symbol file LoadedFromMemory doesn't match image D:\Рабочий стол\Unity Методичка\Tutor3DRunner\3dRunnerTutor\Library\PackageCache\com.unity.visualscripting@1.6.1\Editor\VisualScripting.Core\Dependencies\DotNetZip\Unity.VisualScripting.IonicZip.dll
Native extension for WindowsStandalone target not found
Refreshing native plugins compatible for Editor in 1.41 ms, found 3 plugins.
Preloading 0 native plugins for Editor in 0.00 ms.
Mono: successfully reloaded assembly
- Completed reload, in  1.702 seconds
Domain Reload Profiling:
	ReloadAssembly (1702ms)
		BeginReloadAssembly (285ms)
			ExecutionOrderSort (0ms)
			DisableScriptedObjects (10ms)
			BackupInstance (0ms)
			ReleaseScriptingObjects (0ms)
			CreateAndSetChildDomain (108ms)
		EndReloadAssembly (1335ms)
			LoadAssemblies (198ms)
			RebuildTransferFunctionScriptingTraits (0ms)
			SetupTypeCache (533ms)
			ReleaseScriptCaches (1ms)
			RebuildScriptCaches (72ms)
			SetupLoadedEditorAssemblies (446ms)
				LogAssemblyErrors (0ms)
				InitializePlatformSupportModulesInManaged (7ms)
				SetLoadedEditorAssemblies (1ms)
				RefreshPlugins (2ms)
				BeforeProcessingInitializeOnLoad (79ms)
				ProcessInitializeOnLoadAttributes (345ms)
				ProcessInitializeOnLoadMethodAttributes (8ms)
				AfterProcessingInitializeOnLoad (5ms)
				EditorAssembliesLoaded (1ms)
			ExecutionOrderSort2 (0ms)
			AwakeInstancesAfterBackupRestoration (11ms)
Platform modules already initialized, skipping
Refreshing native plugins compatible for Editor in 1.06 ms, found 3 plugins.
Preloading 0 native plugins for Editor in 0.00 ms.
Unloading 3141 Unused Serialized files (Serialized files now loaded: 0)
System memory in use before: 119.8 MB.
System memory in use after: 120.1 MB.

Unloading 16 unused Assets to reduce memory usage. Loaded Objects now: 3614.
Total: 5.142700 ms (FindLiveObjects: 0.402400 ms CreateObjectMapping: 0.161900 ms MarkObjects: 4.551700 ms  DeleteObjects: 0.025400 ms)

AssetImportParameters requested are different than current active one (requested -> active):
  custom:framework-win-MediaFoundation: 216162199b28c13a410421893ffa2e32 -> 
  custom:video-decoder-ogg-theora: a1e56fd34408186e4bbccfd4996cb3dc -> 
  custom:container-muxer-webm: aa71ff27fc2769a1b78a27578f13a17b -> 
  custom:container-demuxer-webm: 4f35f7cbe854078d1ac9338744f61a02 -> 
  custom:container-demuxer-ogg: 62fdf1f143b41e24485cea50d1cbac27 -> 
  custom:video-encoder-webm-vp8: eb34c28f22e8b96e1ab97ce403110664 -> 
  custom:video-codec-MediaFoundation-h265: 746d11721c4dcdbdad8f713fa42b33f4 -> 
  custom:video-decoder-webm-vp8: 9c59270c3fd7afecdb556c50c9e8de78 -> 
  custom:audio-decoder-ogg-vorbis: bf7c407c2cedff20999df2af8eb42d56 -> 
  custom:audio-encoder-webm-vorbis: bf7c407c2cedff20999df2af8eb42d56 -> 
========================================================================
Received Import Request.
  Time since last request: 228.329667 seconds.
  path: Assets/Prefabs/CoinPref.prefab
  artifactKey: Guid(dfe3f1b75a449d74da11501aeb966921) Importer(815301076,1909f56bfc062723c751e8b465ee728b)
Start importing Assets/Prefabs/CoinPref.prefab using Guid(dfe3f1b75a449d74da11501aeb966921) Importer(815301076,1909f56bfc062723c751e8b465ee728b)  -> (artifact id: '17af68b184377f61e0861dd82ea05f8a') in 0.163524 seconds 
========================================================================
Received Prepare
Registering precompiled user dll's ...
Registered in 0.011766 seconds.
Begin MonoManager ReloadAssembly
Symbol file LoadedFromMemory doesn't match image D:\Рабочий стол\Unity Методичка\Tutor3DRunner\3dRunnerTutor\Library\PackageCache\com.unity.visualscripting@1.6.1\Editor\VisualScripting.Core\Dependencies\YamlDotNet\Unity.VisualScripting.YamlDotNet.dll
Symbol file LoadedFromMemory doesn't match image D:\Рабочий стол\Unity Методичка\Tutor3DRunner\3dRunnerTutor\Library\PackageCache\com.unity.visualscripting@1.6.1\Editor\VisualScripting.Core\Dependencies\DotNetZip\Unity.VisualScripting.IonicZip.dll
Native extension for WindowsStandalone target not found
Refreshing native plugins compatible for Editor in 2.96 ms, found 3 plugins.
Preloading 0 native plugins for Editor in 0.00 ms.
Mono: successfully reloaded assembly
- Completed reload, in  1.633 seconds
Domain Reload Profiling:
	ReloadAssembly (1634ms)
		BeginReloadAssembly (173ms)
			ExecutionOrderSort (0ms)
			DisableScriptedObjects (7ms)
			BackupInstance (0ms)
			ReleaseScriptingObjects (0ms)
			CreateAndSetChildDomain (63ms)
		EndReloadAssembly (1381ms)
			LoadAssemblies (140ms)
			RebuildTransferFunctionScriptingTraits (0ms)
			SetupTypeCache (569ms)
			ReleaseScriptCaches (1ms)
			RebuildScriptCaches (68ms)
			SetupLoadedEditorAssemblies (451ms)
				LogAssemblyErrors (0ms)
				InitializePlatformSupportModulesInManaged (7ms)
				SetLoadedEditorAssemblies (1ms)
				RefreshPlugins (3ms)
				BeforeProcessingInitializeOnLoad (76ms)
				ProcessInitializeOnLoadAttributes (354ms)
				ProcessInitializeOnLoadMethodAttributes (7ms)
				AfterProcessingInitializeOnLoad (3ms)
				EditorAssembliesLoaded (0ms)
			ExecutionOrderSort2 (0ms)
			AwakeInstancesAfterBackupRestoration (11ms)
Platform modules already initialized, skipping
Refreshing native plugins compatible for Editor in 0.94 ms, found 3 plugins.
Preloading 0 native plugins for Editor in 0.00 ms.
Unloading 3141 Unused Serialized files (Serialized files now loaded: 0)
System memory in use before: 119.8 MB.
System memory in use after: 120.1 MB.

Unloading 16 unused Assets to reduce memory usage. Loaded Objects now: 3617.
Total: 5.679700 ms (FindLiveObjects: 0.682600 ms CreateObjectMapping: 0.412000 ms MarkObjects: 4.556500 ms  DeleteObjects: 0.025900 ms)

AssetImportParameters requested are different than current active one (requested -> active):
  custom:framework-win-MediaFoundation: 216162199b28c13a410421893ffa2e32 -> 
  custom:video-decoder-ogg-theora: a1e56fd34408186e4bbccfd4996cb3dc -> 
  custom:container-muxer-webm: aa71ff27fc2769a1b78a27578f13a17b -> 
  custom:container-demuxer-webm: 4f35f7cbe854078d1ac9338744f61a02 -> 
  custom:container-demuxer-ogg: 62fdf1f143b41e24485cea50d1cbac27 -> 
  custom:video-encoder-webm-vp8: eb34c28f22e8b96e1ab97ce403110664 -> 
  custom:video-codec-MediaFoundation-h265: 746d11721c4dcdbdad8f713fa42b33f4 -> 
  custom:video-decoder-webm-vp8: 9c59270c3fd7afecdb556c50c9e8de78 -> 
  custom:audio-decoder-ogg-vorbis: bf7c407c2cedff20999df2af8eb42d56 -> 
  custom:audio-encoder-webm-vorbis: bf7c407c2cedff20999df2af8eb42d56 -> 
========================================================================
Received Prepare
Registering precompiled user dll's ...
Registered in 0.013077 seconds.
Begin MonoManager ReloadAssembly
Symbol file LoadedFromMemory doesn't match image D:\Рабочий стол\Unity Методичка\Tutor3DRunner\3dRunnerTutor\Library\PackageCache\com.unity.visualscripting@1.6.1\Editor\VisualScripting.Core\Dependencies\YamlDotNet\Unity.VisualScripting.YamlDotNet.dll
Symbol file LoadedFromMemory doesn't match image D:\Рабочий стол\Unity Методичка\Tutor3DRunner\3dRunnerTutor\Library\PackageCache\com.unity.visualscripting@1.6.1\Editor\VisualScripting.Core\Dependencies\DotNetZip\Unity.VisualScripting.IonicZip.dll
Native extension for WindowsStandalone target not found
Refreshing native plugins compatible for Editor in 0.88 ms, found 3 plugins.
Preloading 0 native plugins for Editor in 0.00 ms.
Mono: successfully reloaded assembly
- Completed reload, in  2.592 seconds
Domain Reload Profiling:
	ReloadAssembly (2593ms)
		BeginReloadAssembly (214ms)
			ExecutionOrderSort (0ms)
			DisableScriptedObjects (15ms)
			BackupInstance (0ms)
			ReleaseScriptingObjects (0ms)
			CreateAndSetChildDomain (67ms)
		EndReloadAssembly (2303ms)
			LoadAssemblies (195ms)
			RebuildTransferFunctionScriptingTraits (0ms)
			SetupTypeCache (542ms)
			ReleaseScriptCaches (2ms)
			RebuildScriptCaches (68ms)
			SetupLoadedEditorAssemblies (1299ms)
				LogAssemblyErrors (0ms)
				InitializePlatformSupportModulesInManaged (6ms)
				SetLoadedEditorAssemblies (1ms)
				RefreshPlugins (1ms)
				BeforeProcessingInitializeOnLoad (87ms)
				ProcessInitializeOnLoadAttributes (1160ms)
				ProcessInitializeOnLoadMethodAttributes (11ms)
				AfterProcessingInitializeOnLoad (33ms)
				EditorAssembliesLoaded (1ms)
			ExecutionOrderSort2 (0ms)
			AwakeInstancesAfterBackupRestoration (80ms)
Platform modules already initialized, skipping
Refreshing native plugins compatible for Editor in 1.02 ms, found 3 plugins.
Preloading 0 native plugins for Editor in 0.00 ms.
Unloading 3141 Unused Serialized files (Serialized files now loaded: 0)
System memory in use before: 119.8 MB.
System memory in use after: 120.1 MB.

Unloading 16 unused Assets to reduce memory usage. Loaded Objects now: 3619.
Total: 10.202700 ms (FindLiveObjects: 0.845500 ms CreateObjectMapping: 0.363700 ms MarkObjects: 8.946000 ms  DeleteObjects: 0.045100 ms)

AssetImportParameters requested are different than current active one (requested -> active):
  custom:framework-win-MediaFoundation: 216162199b28c13a410421893ffa2e32 -> 
  custom:video-decoder-ogg-theora: a1e56fd34408186e4bbccfd4996cb3dc -> 
  custom:container-muxer-webm: aa71ff27fc2769a1b78a27578f13a17b -> 
  custom:container-demuxer-webm: 4f35f7cbe854078d1ac9338744f61a02 -> 
  custom:container-demuxer-ogg: 62fdf1f143b41e24485cea50d1cbac27 -> 
  custom:video-encoder-webm-vp8: eb34c28f22e8b96e1ab97ce403110664 -> 
  custom:video-codec-MediaFoundation-h265: 746d11721c4dcdbdad8f713fa42b33f4 -> 
  custom:video-decoder-webm-vp8: 9c59270c3fd7afecdb556c50c9e8de78 -> 
  custom:audio-decoder-ogg-vorbis: bf7c407c2cedff20999df2af8eb42d56 -> 
  custom:audio-encoder-webm-vorbis: bf7c407c2cedff20999df2af8eb42d56 -> 
AssetImportWorkerClient::OnTransportError - code=2 error=End of file
